2017-06-11 15:46:18.679  INFO 32752 --- [main] saleswebapp.Application                  : Starting Application on Aspire with PID 32752 (E:\Dropbox\WorkspaceIDEA\SalesWebApp\target\classes started by Alexander Carl in E:\Dropbox\WorkspaceIDEA\SalesWebApp)
2017-06-11 15:46:18.684 DEBUG 32752 --- [main] saleswebapp.Application                  : Running with Spring Boot v1.3.5.RELEASE, Spring v4.2.6.RELEASE
2017-06-11 15:46:18.684  INFO 32752 --- [main] saleswebapp.Application                  : No active profile set, falling back to default profiles: default
2017-06-11 15:46:18.795  INFO 32752 --- [main] ationConfigEmbeddedWebApplicationContext : Refreshing org.springframework.boot.context.embedded.AnnotationConfigEmbeddedWebApplicationContext@149494d8: startup date [Sun Jun 11 15:46:18 CEST 2017]; root of context hierarchy
2017-06-11 15:46:20.167  INFO 32752 --- [main] o.s.b.f.s.DefaultListableBeanFactory     : Overriding bean definition for bean 'requestMappingHandlerAdapter' with a different definition: replacing [Root bean: class [null]; scope=; abstract=false; lazyInit=false; autowireMode=3; dependencyCheck=0; autowireCandidate=true; primary=false; factoryBeanName=org.springframework.web.servlet.config.annotation.DelegatingWebMvcConfiguration; factoryMethodName=requestMappingHandlerAdapter; initMethodName=null; destroyMethodName=(inferred); defined in class path resource [org/springframework/web/servlet/config/annotation/DelegatingWebMvcConfiguration.class]] with [Root bean: class [null]; scope=; abstract=false; lazyInit=false; autowireMode=3; dependencyCheck=0; autowireCandidate=true; primary=false; factoryBeanName=org.springframework.boot.autoconfigure.web.WebMvcAutoConfiguration$EnableWebMvcConfiguration; factoryMethodName=requestMappingHandlerAdapter; initMethodName=null; destroyMethodName=(inferred); defined in class path resource [org/springframework/boot/autoconfigure/web/WebMvcAutoConfiguration$EnableWebMvcConfiguration.class]]
2017-06-11 15:46:20.168  INFO 32752 --- [main] o.s.b.f.s.DefaultListableBeanFactory     : Overriding bean definition for bean 'requestMappingHandlerMapping' with a different definition: replacing [Root bean: class [null]; scope=; abstract=false; lazyInit=false; autowireMode=3; dependencyCheck=0; autowireCandidate=true; primary=false; factoryBeanName=org.springframework.web.servlet.config.annotation.DelegatingWebMvcConfiguration; factoryMethodName=requestMappingHandlerMapping; initMethodName=null; destroyMethodName=(inferred); defined in class path resource [org/springframework/web/servlet/config/annotation/DelegatingWebMvcConfiguration.class]] with [Root bean: class [null]; scope=; abstract=false; lazyInit=false; autowireMode=3; dependencyCheck=0; autowireCandidate=true; primary=true; factoryBeanName=org.springframework.boot.autoconfigure.web.WebMvcAutoConfiguration$EnableWebMvcConfiguration; factoryMethodName=requestMappingHandlerMapping; initMethodName=null; destroyMethodName=(inferred); defined in class path resource [org/springframework/boot/autoconfigure/web/WebMvcAutoConfiguration$EnableWebMvcConfiguration.class]]
2017-06-11 15:46:20.615  INFO 32752 --- [main] trationDelegate$BeanPostProcessorChecker : Bean 'org.springframework.transaction.annotation.ProxyTransactionManagementConfiguration' of type [class org.springframework.transaction.annotation.ProxyTransactionManagementConfiguration$$EnhancerBySpringCGLIB$$4444822] is not eligible for getting processed by all BeanPostProcessors (for example: not eligible for auto-proxying)
2017-06-11 15:46:21.319  INFO 32752 --- [main] s.b.c.e.t.TomcatEmbeddedServletContainer : Tomcat initialized with port(s): 8080 (http)
2017-06-11 15:46:21.330  INFO 32752 --- [main] o.apache.catalina.core.StandardService   : Starting service Tomcat
2017-06-11 15:46:21.331  INFO 32752 --- [main] org.apache.catalina.core.StandardEngine  : Starting Servlet Engine: Apache Tomcat/8.0.33
2017-06-11 15:46:21.407  INFO 32752 --- [localhost-startStop-1] o.a.c.c.C.[.[localhost].[/saleswebapp]   : Initializing Spring embedded WebApplicationContext
2017-06-11 15:46:21.407  INFO 32752 --- [localhost-startStop-1] o.s.web.context.ContextLoader            : Root WebApplicationContext: initialization completed in 2618 ms
2017-06-11 15:46:21.513  INFO 32752 --- [localhost-startStop-1] o.s.b.c.embedded.FilterRegistrationBean  : Mapping filter: 'characterEncodingFilter' to: [/*]
2017-06-11 15:46:21.514  INFO 32752 --- [localhost-startStop-1] o.s.b.c.embedded.FilterRegistrationBean  : Mapping filter: 'requestContextFilter' to: [/*]
2017-06-11 15:46:21.515  INFO 32752 --- [localhost-startStop-1] .e.DelegatingFilterProxyRegistrationBean : Mapping filter: 'springSecurityFilterChain' to: [/*]
2017-06-11 15:46:21.515  INFO 32752 --- [localhost-startStop-1] o.s.b.c.e.ServletRegistrationBean        : Mapping servlet: 'dispatcherServlet' to [/]
2017-06-11 15:46:22.129  INFO 32752 --- [localhost-startStop-1] j.LocalContainerEntityManagerFactoryBean : Building JPA container EntityManagerFactory for persistence unit 'default'
2017-06-11 15:46:22.134  INFO 32752 --- [localhost-startStop-1] o.hibernate.jpa.internal.util.LogHelper  : HHH000204: Processing PersistenceUnitInfo [
	name: default
	...]
2017-06-11 15:46:22.201  INFO 32752 --- [localhost-startStop-1] org.hibernate.Version                    : HHH000412: Hibernate Core {4.3.11.Final}
2017-06-11 15:46:22.202  INFO 32752 --- [localhost-startStop-1] org.hibernate.cfg.Environment            : HHH000206: hibernate.properties not found
2017-06-11 15:46:22.203  INFO 32752 --- [localhost-startStop-1] org.hibernate.cfg.Environment            : HHH000021: Bytecode provider name : javassist
2017-06-11 15:46:22.359  INFO 32752 --- [localhost-startStop-1] o.hibernate.annotations.common.Version   : HCANN000001: Hibernate Commons Annotations {4.0.5.Final}
2017-06-11 15:46:22.406  INFO 32752 --- [localhost-startStop-1] org.hibernate.dialect.Dialect            : HHH000400: Using dialect: org.hibernate.dialect.MySQL5Dialect
2017-06-11 15:46:22.512  INFO 32752 --- [localhost-startStop-1] o.h.h.i.ast.ASTQueryTranslatorFactory    : HHH000397: Using ASTQueryTranslatorFactory
2017-06-11 15:46:23.161  INFO 32752 --- [localhost-startStop-1] o.s.s.web.DefaultSecurityFilterChain     : Creating filter chain: org.springframework.security.web.util.matcher.AnyRequestMatcher@1, [org.springframework.security.web.context.request.async.WebAsyncManagerIntegrationFilter@411e0aa5, org.springframework.security.web.context.SecurityContextPersistenceFilter@11740d89, org.springframework.security.web.header.HeaderWriterFilter@7968936b, org.springframework.security.web.authentication.logout.LogoutFilter@8ef4e54, org.springframework.security.web.authentication.UsernamePasswordAuthenticationFilter@44d61244, org.springframework.security.web.savedrequest.RequestCacheAwareFilter@1ef3aa0, org.springframework.security.web.servletapi.SecurityContextHolderAwareRequestFilter@73e0fbdf, org.springframework.security.web.authentication.AnonymousAuthenticationFilter@4da5098e, org.springframework.security.web.session.SessionManagementFilter@6e33fcf2, org.springframework.security.web.access.ExceptionTranslationFilter@5a9c6134, org.springframework.security.web.access.intercept.FilterSecurityInterceptor@18663972]
2017-06-11 15:46:23.285  INFO 32752 --- [main] s.w.s.m.m.a.RequestMappingHandlerMapping : Mapped "{[/home]}" onto public java.lang.String saleswebapp.controller.HomeController.home()
2017-06-11 15:46:23.286  INFO 32752 --- [main] s.w.s.m.m.a.RequestMappingHandlerMapping : Mapped "{[/login],methods=[GET]}" onto public java.lang.String saleswebapp.controller.LoginController.login()
2017-06-11 15:46:23.292  INFO 32752 --- [main] s.w.s.m.m.a.RequestMappingHandlerMapping : Mapped "{[/error]}" onto public org.springframework.http.ResponseEntity<java.util.Map<java.lang.String, java.lang.Object>> org.springframework.boot.autoconfigure.web.BasicErrorController.error(javax.servlet.http.HttpServletRequest)
2017-06-11 15:46:23.293  INFO 32752 --- [main] s.w.s.m.m.a.RequestMappingHandlerMapping : Mapped "{[/error],produces=[text/html]}" onto public org.springframework.web.servlet.ModelAndView org.springframework.boot.autoconfigure.web.BasicErrorController.errorHtml(javax.servlet.http.HttpServletRequest,javax.servlet.http.HttpServletResponse)
2017-06-11 15:46:23.315  INFO 32752 --- [main] o.s.w.s.handler.SimpleUrlHandlerMapping  : Mapped URL path [/webjars/**] onto handler of type [class org.springframework.web.servlet.resource.ResourceHttpRequestHandler]
2017-06-11 15:46:23.315  INFO 32752 --- [main] o.s.w.s.handler.SimpleUrlHandlerMapping  : Mapped URL path [/**] onto handler of type [class org.springframework.web.servlet.resource.ResourceHttpRequestHandler]
2017-06-11 15:46:23.351  INFO 32752 --- [main] s.w.s.m.m.a.RequestMappingHandlerAdapter : Looking for @ControllerAdvice: org.springframework.boot.context.embedded.AnnotationConfigEmbeddedWebApplicationContext@149494d8: startup date [Sun Jun 11 15:46:18 CEST 2017]; root of context hierarchy
2017-06-11 15:46:23.404  INFO 32752 --- [main] o.s.w.s.handler.SimpleUrlHandlerMapping  : Mapped URL path [/**/favicon.ico] onto handler of type [class org.springframework.web.servlet.resource.ResourceHttpRequestHandler]
2017-06-11 15:46:23.653  INFO 32752 --- [main] o.s.j.e.a.AnnotationMBeanExporter        : Registering beans for JMX exposure on startup
2017-06-11 15:46:23.709  INFO 32752 --- [main] s.b.c.e.t.TomcatEmbeddedServletContainer : Tomcat started on port(s): 8080 (http)
2017-06-11 15:46:23.714  INFO 32752 --- [main] saleswebapp.Application                  : Started Application in 5.414 seconds (JVM running for 6.037)
2017-06-11 15:46:45.648  INFO 32752 --- [http-nio-8080-exec-1] o.a.c.c.C.[.[localhost].[/saleswebapp]   : Initializing Spring FrameworkServlet 'dispatcherServlet'
2017-06-11 15:46:45.649  INFO 32752 --- [http-nio-8080-exec-1] o.s.web.servlet.DispatcherServlet        : FrameworkServlet 'dispatcherServlet': initialization started
2017-06-11 15:46:45.662  INFO 32752 --- [http-nio-8080-exec-1] o.s.web.servlet.DispatcherServlet        : FrameworkServlet 'dispatcherServlet': initialization completed in 13 ms
2017-06-11 15:46:50.759 DEBUG 32752 --- [http-nio-8080-exec-7] s.s.impl.AuthenticationServiceImpl       : Fucking Logging Test
2017-06-11 15:46:50.759 ERROR 32752 --- [http-nio-8080-exec-7] s.s.impl.AuthenticationServiceImpl       : Fucking Logging Test
